# JRE version: OpenJDK Runtime Environment (18.0.2+9) (build 18.0.2-ea+9-Ubuntu-222.04)
# Java VM: OpenJDK 64-Bit Server VM (18.0.2-ea+9-Ubuntu-222.04, mixed mode, emulated-client, sharing, tiered, compressed oops, compressed class ptrs, g1 gc, linux-amd64)
Heap:
 garbage-first heap   total 90112K, used 40105K [0x0000000748200000, 0x0000000800000000)
  region size 2048K, 12 young (24576K), 3 survivors (6144K)
 Metaspace       used 46344K, committed 46912K, reserved 1114112K
  class space    used 6338K, committed 6592K, reserved 1048576K
GC Heap History (14 events):
Event: 0,880 GC heap before
{Heap before GC invocations=0 (full 0):
 garbage-first heap   total 192512K, used 12204K [0x0000000748200000, 0x0000000800000000)
  region size 2048K, 6 young (12288K), 0 survivors (0K)
 Metaspace       used 5373K, committed 5568K, reserved 1114112K
  class space    used 623K, committed 704K, reserved 1048576K
}
Event: 0,918 GC heap after
{Heap after GC invocations=1 (full 0):
 garbage-first heap   total 192512K, used 7697K [0x0000000748200000, 0x0000000800000000)
  region size 2048K, 1 young (2048K), 1 survivors (2048K)
 Metaspace       used 5373K, committed 5568K, reserved 1114112K
  class space    used 623K, committed 704K, reserved 1048576K
}
Event: 1,203 GC heap before
{Heap before GC invocations=1 (full 0):
 garbage-first heap   total 192512K, used 15889K [0x0000000748200000, 0x0000000800000000)
  region size 2048K, 5 young (10240K), 1 survivors (2048K)
 Metaspace       used 7545K, committed 7744K, reserved 1114112K
  class space    used 924K, committed 1024K, reserved 1048576K
}
Event: 1,213 GC heap after
{Heap after GC invocations=2 (full 0):
 garbage-first heap   total 192512K, used 9410K [0x0000000748200000, 0x0000000800000000)
  region size 2048K, 1 young (2048K), 1 survivors (2048K)
 Metaspace       used 7545K, committed 7744K, reserved 1114112K
  class space    used 924K, committed 1024K, reserved 1048576K
}
Event: 1,712 GC heap before
{Heap before GC invocations=2 (full 0):
 garbage-first heap   total 192512K, used 25794K [0x0000000748200000, 0x0000000800000000)
  region size 2048K, 10 young (20480K), 1 survivors (2048K)
 Metaspace       used 11848K, committed 12160K, reserved 1114112K
  class space    used 1570K, committed 1728K, reserved 1048576K
}
Event: 1,730 GC heap after
{Heap after GC invocations=3 (full 0):
 garbage-first heap   total 192512K, used 10801K [0x0000000748200000, 0x0000000800000000)
  region size 2048K, 2 young (4096K), 2 survivors (4096K)
 Metaspace       used 11848K, committed 12160K, reserved 1114112K
  class space    used 1570K, committed 1728K, reserved 1048576K
}
Event: 3,120 GC heap before
{Heap before GC invocations=3 (full 0):
 garbage-first heap   total 192512K, used 64049K [0x0000000748200000, 0x0000000800000000)
  region size 2048K, 30 young (61440K), 2 survivors (4096K)
 Metaspace       used 21221K, committed 21504K, reserved 1114112K
  class space    used 2791K, committed 2944K, reserved 1048576K
}
Event: 3,132 GC heap after
{Heap after GC invocations=4 (full 0):
 garbage-first heap   total 192512K, used 13997K [0x0000000748200000, 0x0000000800000000)
  region size 2048K, 3 young (6144K), 3 survivors (6144K)
 Metaspace       used 21221K, committed 21504K, reserved 1114112K
  class space    used 2791K, committed 2944K, reserved 1048576K
}
Event: 3,992 GC heap before
{Heap before GC invocations=5 (full 0):
 garbage-first heap   total 61440K, used 59053K [0x0000000748200000, 0x0000000800000000)
  region size 2048K, 25 young (51200K), 3 survivors (6144K)
 Metaspace       used 28910K, committed 29376K, reserved 1114112K
  class space    used 3840K, committed 4032K, reserved 1048576K
}
Event: 4,007 GC heap after
{Heap after GC invocations=6 (full 0):
 garbage-first heap   total 71680K, used 17812K [0x0000000748200000, 0x0000000800000000)
  region size 2048K, 5 young (10240K), 5 survivors (10240K)
 Metaspace       used 28910K, committed 29376K, reserved 1114112K
  class space    used 3840K, committed 4032K, reserved 1048576K
}
Event: 4,607 GC heap before
{Heap before GC invocations=6 (full 0):
 garbage-first heap   total 71680K, used 42388K [0x0000000748200000, 0x0000000800000000)
  region size 2048K, 18 young (36864K), 5 survivors (10240K)
 Metaspace       used 35698K, committed 36160K, reserved 1114112K
  class space    used 4751K, committed 4992K, reserved 1048576K
}
Event: 4,623 GC heap after
{Heap after GC invocations=7 (full 0):
 garbage-first heap   total 92160K, used 20349K [0x0000000748200000, 0x0000000800000000)
  region size 2048K, 2 young (4096K), 2 survivors (4096K)
 Metaspace       used 35698K, committed 36160K, reserved 1114112K
  class space    used 4751K, committed 4992K, reserved 1048576K
}
Event: 5,408 GC heap before
{Heap before GC invocations=8 (full 0):
 garbage-first heap   total 90112K, used 61309K [0x0000000748200000, 0x0000000800000000)
  region size 2048K, 22 young (45056K), 2 survivors (4096K)
 Metaspace       used 44464K, committed 44928K, reserved 1114112K
  class space    used 6076K, committed 6272K, reserved 1048576K
}
Event: 5,417 GC heap after
{Heap after GC invocations=9 (full 0):
 garbage-first heap   total 90112K, used 22327K [0x0000000748200000, 0x0000000800000000)
  region size 2048K, 3 young (6144K), 3 survivors (6144K)
 Metaspace       used 44464K, committed 44928K, reserved 1114112K
  class space    used 6076K, committed 6272K, reserved 1048576K
}

